2025-12-10 00:35:16 - INFO - ============================================================
2025-12-10 00:35:16 - INFO - INICIANDO CARGA DE JSON A KAFKA
2025-12-10 00:35:16 - INFO - ============================================================
2025-12-10 00:35:16 - INFO - Brokers: localhost:9092
2025-12-10 00:35:16 - INFO - Topic: topic_telecom
2025-12-10 00:35:16 - INFO - Directorio: scripts\Attachments
2025-12-10 00:35:16 - INFO - ============================================================
2025-12-10 00:35:16 - INFO - Productor Kafka conectado exitosamente a localhost:9092.
2025-12-10 00:35:16 - INFO - Iniciando procesamiento del directorio: scripts\Attachments
2025-12-10 00:35:16 - INFO - Procesando archivo: scripts\Attachments\telecom_churn_semi_structured.json
2025-12-10 00:35:16 - INFO - Detectado array JSON con 55000 objetos
2025-12-10 00:35:16 - WARNING - Topic topic_telecom is not available during auto-create initialization
2025-12-10 00:35:16 - WARNING - Topic topic_telecom is not available during auto-create initialization
2025-12-10 00:35:16 - INFO -   Enviados 1000/55000 objetos...
2025-12-10 00:35:17 - INFO -   Enviados 2000/55000 objetos...
2025-12-10 00:35:17 - INFO -   Enviados 3000/55000 objetos...
2025-12-10 00:35:17 - INFO -   Enviados 4000/55000 objetos...
2025-12-10 00:35:17 - INFO -   Enviados 5000/55000 objetos...
2025-12-10 00:35:17 - INFO -   Enviados 6000/55000 objetos...
2025-12-10 00:35:17 - INFO -   Enviados 7000/55000 objetos...
2025-12-10 00:35:17 - INFO -   Enviados 8000/55000 objetos...
2025-12-10 00:35:17 - INFO -   Enviados 9000/55000 objetos...
2025-12-10 00:35:17 - INFO -   Enviados 10000/55000 objetos...
2025-12-10 00:35:17 - INFO -   Enviados 11000/55000 objetos...
2025-12-10 00:35:17 - INFO -   Enviados 12000/55000 objetos...
2025-12-10 00:35:17 - INFO -   Enviados 13000/55000 objetos...
2025-12-10 00:35:17 - INFO -   Enviados 14000/55000 objetos...
2025-12-10 00:35:18 - INFO -   Enviados 15000/55000 objetos...
2025-12-10 00:35:18 - INFO -   Enviados 16000/55000 objetos...
2025-12-10 00:35:18 - INFO -   Enviados 17000/55000 objetos...
2025-12-10 00:35:18 - INFO -   Enviados 18000/55000 objetos...
2025-12-10 00:35:18 - INFO -   Enviados 19000/55000 objetos...
2025-12-10 00:35:18 - INFO -   Enviados 20000/55000 objetos...
2025-12-10 00:35:18 - INFO -   Enviados 21000/55000 objetos...
2025-12-10 00:35:18 - INFO -   Enviados 22000/55000 objetos...
2025-12-10 00:35:18 - INFO -   Enviados 23000/55000 objetos...
2025-12-10 00:35:18 - INFO -   Enviados 24000/55000 objetos...
2025-12-10 00:35:18 - INFO -   Enviados 25000/55000 objetos...
2025-12-10 00:35:18 - INFO -   Enviados 26000/55000 objetos...
2025-12-10 00:35:18 - INFO -   Enviados 27000/55000 objetos...
2025-12-10 00:35:19 - INFO -   Enviados 28000/55000 objetos...
2025-12-10 00:35:19 - INFO -   Enviados 29000/55000 objetos...
2025-12-10 00:35:19 - INFO -   Enviados 30000/55000 objetos...
2025-12-10 00:35:19 - INFO -   Enviados 31000/55000 objetos...
2025-12-10 00:35:19 - INFO -   Enviados 32000/55000 objetos...
2025-12-10 00:35:19 - INFO -   Enviados 33000/55000 objetos...
2025-12-10 00:35:19 - INFO -   Enviados 34000/55000 objetos...
2025-12-10 00:35:19 - INFO -   Enviados 35000/55000 objetos...
2025-12-10 00:35:19 - INFO -   Enviados 36000/55000 objetos...
2025-12-10 00:35:19 - INFO -   Enviados 37000/55000 objetos...
2025-12-10 00:35:19 - INFO -   Enviados 38000/55000 objetos...
2025-12-10 00:35:19 - INFO -   Enviados 39000/55000 objetos...
2025-12-10 00:35:19 - INFO -   Enviados 40000/55000 objetos...
2025-12-10 00:35:20 - INFO -   Enviados 41000/55000 objetos...
2025-12-10 00:35:20 - INFO -   Enviados 42000/55000 objetos...
2025-12-10 00:35:20 - INFO -   Enviados 43000/55000 objetos...
2025-12-10 00:35:20 - INFO -   Enviados 44000/55000 objetos...
2025-12-10 00:35:20 - INFO -   Enviados 45000/55000 objetos...
2025-12-10 00:35:20 - INFO -   Enviados 46000/55000 objetos...
2025-12-10 00:35:20 - INFO -   Enviados 47000/55000 objetos...
2025-12-10 00:35:20 - INFO -   Enviados 48000/55000 objetos...
2025-12-10 00:35:20 - INFO -   Enviados 49000/55000 objetos...
2025-12-10 00:35:20 - INFO -   Enviados 50000/55000 objetos...
2025-12-10 00:35:20 - INFO -   Enviados 51000/55000 objetos...
2025-12-10 00:35:20 - INFO -   Enviados 52000/55000 objetos...
2025-12-10 00:35:20 - INFO -   Enviados 53000/55000 objetos...
2025-12-10 00:35:21 - INFO -   Enviados 54000/55000 objetos...
2025-12-10 00:35:21 - INFO -   Enviados 55000/55000 objetos...
2025-12-10 00:35:21 - INFO - ✓ 'telecom_churn_semi_structured.json': 55000 objetos enviados correctamente.
2025-12-10 00:35:21 - INFO - Asegurando el envío de mensajes restantes (flush)...
2025-12-10 00:35:23 - ERROR - <Sender client_id=kafka-python-producer-1 transactional_id=None>: Uncaught error in kafka producer I/O thread
Traceback (most recent call last):
  File "C:\Python311\Lib\site-packages\kafka\producer\sender.py", line 110, in run
    self.run_once()
  File "C:\Python311\Lib\site-packages\kafka\producer\sender.py", line 171, in run_once
    poll_timeout_ms = self._send_producer_data()
                      ^^^^^^^^^^^^^^^^^^^^^^^^^^
  File "C:\Python311\Lib\site-packages\kafka\producer\sender.py", line 204, in _send_producer_data
    heapq.heappush(queue, item)
TypeError: '<' not supported between instances of 'ProducerBatch' and 'ProducerBatch'
2025-12-10 00:36:28 - ERROR - Error durante el flush final a Kafka: KafkaTimeoutError: Timeout waiting for future
Traceback (most recent call last):
  File "C:\Users\FX506LI\Documents\TFM\scripts\Kafka\object-streamer.py", line 48, in cerrar_productor_kafka
    productor.flush(timeout=60)
  File "C:\Python311\Lib\site-packages\kafka\producer\kafka.py", line 919, in flush
    self._accumulator.await_flush_completion(timeout=timeout)
  File "C:\Python311\Lib\site-packages\kafka\producer\record_accumulator.py", line 586, in await_flush_completion
    raise Errors.KafkaTimeoutError('Timeout waiting for future')
kafka.errors.KafkaTimeoutError: KafkaTimeoutError: Timeout waiting for future
2025-12-10 00:36:28 - INFO - Cerrando la conexión del productor Kafka...
2025-12-10 00:37:18 - WARNING - Failed to produce messages to topic-partition TopicPartition(topic='topic_telecom', partition=0) with base offset -1: KafkaTimeoutError: Expiring 23 record(s) for TopicPartition(topic='topic_telecom', partition=0): 120004 ms has passed since batch creation
2025-12-10 00:37:18 - WARNING - KafkaTimeoutError: Expiring 23 record(s) for TopicPartition(topic='topic_telecom', partition=0): 120004 ms has passed since batch creation
2025-12-10 00:37:18 - INFO - Conexión cerrada.
2025-12-10 00:37:18 - INFO - ============================================================
2025-12-10 00:37:18 - INFO - RESUMEN FINAL
2025-12-10 00:37:18 - INFO - ============================================================
2025-12-10 00:37:18 - INFO - Archivos procesados: 1
2025-12-10 00:37:18 - INFO - Objetos enviados exitosamente: 55000
2025-12-10 00:37:18 - INFO - ✓ No se reportaron fallos.
2025-12-10 00:37:18 - INFO - ============================================================
2025-12-10 01:08:49 - INFO - ============================================================
2025-12-10 01:08:49 - INFO - INICIANDO CARGA DE JSON A KAFKA
2025-12-10 01:08:49 - INFO - ============================================================
2025-12-10 01:08:49 - INFO - Brokers: localhost:9092
2025-12-10 01:08:49 - INFO - Topic: topic_telecom
2025-12-10 01:08:49 - INFO - Directorio: scripts\Attachments
2025-12-10 01:08:49 - INFO - ============================================================
2025-12-10 01:08:49 - INFO - Productor Kafka conectado exitosamente a localhost:9092.
2025-12-10 01:08:49 - INFO - Iniciando procesamiento del directorio: scripts\Attachments
2025-12-10 01:08:49 - INFO - Procesando archivo: scripts\Attachments\telecom_churn_semi_structured.json
2025-12-10 01:08:49 - INFO - Detectado array JSON con 55000 objetos
2025-12-10 01:08:49 - WARNING - Topic topic_telecom is not available during auto-create initialization
2025-12-10 01:08:49 - WARNING - Topic topic_telecom is not available during auto-create initialization
2025-12-10 01:08:50 - INFO -   Enviados 1000/55000 objetos...
2025-12-10 01:08:50 - INFO -   Enviados 2000/55000 objetos...
2025-12-10 01:08:50 - INFO -   Enviados 3000/55000 objetos...
2025-12-10 01:08:50 - INFO -   Enviados 4000/55000 objetos...
2025-12-10 01:08:50 - INFO -   Enviados 5000/55000 objetos...
2025-12-10 01:08:50 - INFO -   Enviados 6000/55000 objetos...
2025-12-10 01:08:50 - INFO -   Enviados 7000/55000 objetos...
2025-12-10 01:08:50 - INFO -   Enviados 8000/55000 objetos...
2025-12-10 01:08:50 - INFO -   Enviados 9000/55000 objetos...
2025-12-10 01:08:50 - INFO -   Enviados 10000/55000 objetos...
2025-12-10 01:08:50 - INFO -   Enviados 11000/55000 objetos...
2025-12-10 01:08:50 - INFO -   Enviados 12000/55000 objetos...
2025-12-10 01:08:50 - INFO -   Enviados 13000/55000 objetos...
2025-12-10 01:08:50 - INFO -   Enviados 14000/55000 objetos...
2025-12-10 01:08:51 - INFO -   Enviados 15000/55000 objetos...
2025-12-10 01:08:51 - INFO -   Enviados 16000/55000 objetos...
2025-12-10 01:08:51 - INFO -   Enviados 17000/55000 objetos...
2025-12-10 01:08:51 - INFO -   Enviados 18000/55000 objetos...
2025-12-10 01:08:51 - INFO -   Enviados 19000/55000 objetos...
2025-12-10 01:08:51 - INFO -   Enviados 20000/55000 objetos...
2025-12-10 01:08:51 - INFO -   Enviados 21000/55000 objetos...
2025-12-10 01:08:51 - INFO -   Enviados 22000/55000 objetos...
2025-12-10 01:08:51 - INFO -   Enviados 23000/55000 objetos...
2025-12-10 01:08:51 - INFO -   Enviados 24000/55000 objetos...
2025-12-10 01:08:51 - INFO -   Enviados 25000/55000 objetos...
2025-12-10 01:08:51 - INFO -   Enviados 26000/55000 objetos...
2025-12-10 01:08:51 - INFO -   Enviados 27000/55000 objetos...
2025-12-10 01:08:51 - INFO -   Enviados 28000/55000 objetos...
2025-12-10 01:08:51 - INFO -   Enviados 29000/55000 objetos...
2025-12-10 01:08:52 - INFO -   Enviados 30000/55000 objetos...
2025-12-10 01:08:52 - INFO -   Enviados 31000/55000 objetos...
2025-12-10 01:08:52 - INFO -   Enviados 32000/55000 objetos...
2025-12-10 01:08:52 - INFO -   Enviados 33000/55000 objetos...
2025-12-10 01:08:52 - INFO -   Enviados 34000/55000 objetos...
2025-12-10 01:08:52 - INFO -   Enviados 35000/55000 objetos...
2025-12-10 01:08:52 - INFO -   Enviados 36000/55000 objetos...
2025-12-10 01:08:52 - INFO -   Enviados 37000/55000 objetos...
2025-12-10 01:08:52 - INFO -   Enviados 38000/55000 objetos...
2025-12-10 01:08:52 - INFO -   Enviados 39000/55000 objetos...
2025-12-10 01:08:52 - INFO -   Enviados 40000/55000 objetos...
2025-12-10 01:08:52 - INFO -   Enviados 41000/55000 objetos...
2025-12-10 01:08:52 - INFO -   Enviados 42000/55000 objetos...
2025-12-10 01:08:53 - INFO -   Enviados 43000/55000 objetos...
2025-12-10 01:08:53 - INFO -   Enviados 44000/55000 objetos...
2025-12-10 01:08:53 - INFO -   Enviados 45000/55000 objetos...
2025-12-10 01:08:53 - INFO -   Enviados 46000/55000 objetos...
2025-12-10 01:08:53 - INFO -   Enviados 47000/55000 objetos...
2025-12-10 01:08:53 - INFO -   Enviados 48000/55000 objetos...
2025-12-10 01:08:53 - INFO -   Enviados 49000/55000 objetos...
2025-12-10 01:08:53 - INFO -   Enviados 50000/55000 objetos...
2025-12-10 01:08:53 - INFO -   Enviados 51000/55000 objetos...
2025-12-10 01:08:53 - INFO -   Enviados 52000/55000 objetos...
2025-12-10 01:08:53 - INFO -   Enviados 53000/55000 objetos...
2025-12-10 01:08:53 - INFO -   Enviados 54000/55000 objetos...
2025-12-10 01:08:53 - INFO -   Enviados 55000/55000 objetos...
2025-12-10 01:08:53 - INFO - ✓ 'telecom_churn_semi_structured.json': 55000 objetos enviados correctamente.
2025-12-10 01:08:53 - INFO - Asegurando el envío de mensajes restantes (flush)...
2025-12-10 01:08:54 - ERROR - <Sender client_id=kafka-python-producer-1 transactional_id=None>: Uncaught error in kafka producer I/O thread
Traceback (most recent call last):
  File "C:\Python311\Lib\site-packages\kafka\producer\sender.py", line 110, in run
    self.run_once()
  File "C:\Python311\Lib\site-packages\kafka\producer\sender.py", line 171, in run_once
    poll_timeout_ms = self._send_producer_data()
                      ^^^^^^^^^^^^^^^^^^^^^^^^^^
  File "C:\Python311\Lib\site-packages\kafka\producer\sender.py", line 204, in _send_producer_data
    heapq.heappush(queue, item)
TypeError: '<' not supported between instances of 'ProducerBatch' and 'ProducerBatch'
2025-12-10 01:10:00 - ERROR - Error durante el flush final a Kafka: KafkaTimeoutError: Timeout waiting for future
Traceback (most recent call last):
  File "C:\Users\FX506LI\Documents\TFM\scripts\Kafka\object-streamer.py", line 48, in cerrar_productor_kafka
    productor.flush(timeout=60)
  File "C:\Python311\Lib\site-packages\kafka\producer\kafka.py", line 919, in flush
    self._accumulator.await_flush_completion(timeout=timeout)
  File "C:\Python311\Lib\site-packages\kafka\producer\record_accumulator.py", line 586, in await_flush_completion
    raise Errors.KafkaTimeoutError('Timeout waiting for future')
kafka.errors.KafkaTimeoutError: KafkaTimeoutError: Timeout waiting for future
2025-12-10 01:10:00 - INFO - Cerrando la conexión del productor Kafka...
2025-12-10 01:10:50 - WARNING - Failed to produce messages to topic-partition TopicPartition(topic='topic_telecom', partition=0) with base offset -1: KafkaTimeoutError: Expiring 23 record(s) for TopicPartition(topic='topic_telecom', partition=0): 120004 ms has passed since batch creation
2025-12-10 01:10:50 - WARNING - KafkaTimeoutError: Expiring 23 record(s) for TopicPartition(topic='topic_telecom', partition=0): 120004 ms has passed since batch creation
2025-12-10 01:10:50 - INFO - Conexión cerrada.
2025-12-10 01:10:50 - INFO - ============================================================
2025-12-10 01:10:50 - INFO - RESUMEN FINAL
2025-12-10 01:10:50 - INFO - ============================================================
2025-12-10 01:10:50 - INFO - Archivos procesados: 1
2025-12-10 01:10:50 - INFO - Objetos enviados exitosamente: 55000
2025-12-10 01:10:50 - INFO - ✓ No se reportaron fallos.
2025-12-10 01:10:50 - INFO - ============================================================
